[handleMsg]:  {
  key: {
    remoteJid: '5214445745066@s.whatsapp.net',
    fromMe: false,
    id: '0BD98AF94D1979083AB7A5ACA95CC950',
    participant: undefined
  },
  messageTimestamp: 1733011458,
  pushName: 'Noe Liceaga',
  broadcast: false,
  message: Message {
    conversation: 'Hola',
    messageContextInfo: MessageContextInfo {
      deviceListMetadata: [DeviceListMetadata],
      deviceListMetadataVersion: 2,
      messageSecret: [Uint8Array]
    }
  },
  body: 'Hola',
  from: '5214445745066'
}
[QUEUE_SE_ENVIO]:  {
  ref: 'ans_ea38065f-782a-4a7d-8bb5-d7464fdddc6f',
  keyword: 'key_fffd35f7-40f4-4b2e-91fa-1a598c57f7fc',
  answer: '¡Hola! Vamos a realizar una consulta vehicular. Por favor responde a las siguientes preguntas.',
  options: {
    media: null,
    buttons: [],
    capture: false,
    child: null,
    delay: 0,
    idle: null,
    ref: null,
    nested: [],
    keyword: {},
    callback: true
  },
  refSerialize: 'a9fa9328b29e88a394e0f004079855e2'
}
[QUEUE_SE_ENVIO]:  {
  ref: 'ans_422d3b27-819a-4bc3-bc53-efac3279cb46',
  keyword: 'ans_ea38065f-782a-4a7d-8bb5-d7464fdddc6f',
  answer: '¿Cuál es tu nombre?',
  options: {
    media: null,
    buttons: [],
    capture: true,
    child: null,
    delay: 0,
    idle: null,
    ref: null,
    nested: [],
    keyword: {},
    callback: true
  },
  refSerialize: 'b64a871cbd4aaeff842b14c2f43dd9aa'
}
[handleMsg]:  {
  key: {
    remoteJid: '5214445745066@s.whatsapp.net',
    fromMe: false,
    id: '0A0D1D37D53BE655826AE6D22A93753C',
    participant: undefined
  },
  messageTimestamp: 1733011469,
  pushName: 'Noe Liceaga',
  broadcast: false,
  message: Message {
    conversation: 'Hf',
    messageContextInfo: MessageContextInfo {
      deviceListMetadata: [DeviceListMetadata],
      deviceListMetadataVersion: 2,
      messageSecret: [Uint8Array]
    }
  },
  body: 'Hf',
  from: '5214445745066'
}
[QUEUE_SE_ENVIO]:  {
  ref: 'ans_3ede7daf-dd94-4501-b51d-bace9482bead',
  keyword: 'ans_422d3b27-819a-4bc3-bc53-efac3279cb46',
  answer: '¿Cuál es tu apellido?',
  options: {
    media: null,
    buttons: [],
    capture: true,
    child: null,
    delay: 0,
    idle: null,
    ref: null,
    nested: [],
    keyword: {},
    callback: true
  },
  refSerialize: '386c429dc0d5d59f4452f3672538e51a'
}
[handleMsg]:  {
  key: {
    remoteJid: '5214445745066@s.whatsapp.net',
    fromMe: false,
    id: '1D71E47785A6F44AFCBE520081F1CA79',
    participant: undefined
  },
  messageTimestamp: 1733011469,
  pushName: 'Noe Liceaga',
  broadcast: false,
  message: Message {
    conversation: 'Cf',
    messageContextInfo: MessageContextInfo {
      deviceListMetadata: [DeviceListMetadata],
      deviceListMetadataVersion: 2,
      messageSecret: [Uint8Array]
    }
  },
  body: 'Cf',
  from: '5214445745066'
}
[QUEUE_SE_ENVIO]:  {
  ref: 'ans_4c2ab72e-47fe-49c0-b938-bae66ada0f7b',
  keyword: 'ans_3ede7daf-dd94-4501-b51d-bace9482bead',
  answer: '¿Cuál es tu número de solicitud?',
  options: {
    media: null,
    buttons: [],
    capture: true,
    child: null,
    delay: 0,
    idle: null,
    ref: null,
    nested: [],
    keyword: {},
    callback: true
  },
  refSerialize: 'f4c82baa3b9c06292572abc892ea266f'
}
[handleMsg]:  {
  key: {
    remoteJid: '5214445745066@s.whatsapp.net',
    fromMe: false,
    id: 'E8915B788A827A912BFF32256F693AEA',
    participant: undefined
  },
  messageTimestamp: 1733011470,
  pushName: 'Noe Liceaga',
  broadcast: false,
  message: Message {
    conversation: 'Cc',
    messageContextInfo: MessageContextInfo {
      deviceListMetadata: [DeviceListMetadata],
      deviceListMetadataVersion: 2,
      messageSecret: [Uint8Array]
    }
  },
  body: 'Cc',
  from: '5214445745066'
}
[QUEUE_SE_ENVIO]:  {
  ref: 'ans_c6e3bffb-b83c-43ea-b5fb-1164e19d44a5',
  keyword: 'ans_4c2ab72e-47fe-49c0-b938-bae66ada0f7b',
  answer: '¿Cuál es la placa del vehículo?',
  options: {
    media: null,
    buttons: [],
    capture: true,
    child: null,
    delay: 0,
    idle: null,
    ref: null,
    nested: [],
    keyword: {},
    callback: true
  },
  refSerialize: '8f85e914b011c5a0cbcd02c1bb5cf4cc'
}
[handleMsg]:  {
  key: {
    remoteJid: '5214445745066@s.whatsapp.net',
    fromMe: false,
    id: '49574F9E0210766DE6DE6CE3086B922C',
    participant: undefined
  },
  messageTimestamp: 1733011471,
  pushName: 'Noe Liceaga',
  broadcast: false,
  message: Message {
    conversation: 'Ss',
    messageContextInfo: MessageContextInfo {
      deviceListMetadata: [DeviceListMetadata],
      deviceListMetadataVersion: 2,
      messageSecret: [Uint8Array]
    }
  },
  body: 'Ss',
  from: '5214445745066'
}
[QUEUE_SE_ENVIO]:  {
  ref: 'ans_86d875c2-67d0-4726-8bee-1e998997a5dd',
  keyword: 'ans_c6e3bffb-b83c-43ea-b5fb-1164e19d44a5',
  answer: '¿Cuál es el número de serie del vehículo?',
  options: {
    media: null,
    buttons: [],
    capture: true,
    child: null,
    delay: 0,
    idle: null,
    ref: null,
    nested: [],
    keyword: {},
    callback: true
  },
  refSerialize: '9e01b310f9df0a63b66e1bd529035763'
}
[handleMsg]:  {
  key: {
    remoteJid: '5214445745066@s.whatsapp.net',
    fromMe: false,
    id: 'AC0F87137F9A361B664405799D01494B',
    participant: undefined
  },
  messageTimestamp: 1733011473,
  pushName: 'Noe Liceaga',
  broadcast: false,
  message: Message {
    conversation: 'Qf',
    messageContextInfo: MessageContextInfo {
      deviceListMetadata: [DeviceListMetadata],
      deviceListMetadataVersion: 2,
      messageSecret: [Uint8Array]
    }
  },
  body: 'Qf',
  from: '5214445745066'
}
